0 info it worked if it ends with ok
1 verbose cli [ 'node',
1 verbose cli   '/usr/local/bin/npm',
1 verbose cli   'update',
1 verbose cli   '-g',
1 verbose cli   'generator-angular' ]
2 info using npm@1.3.9
3 info using node@v0.10.13
4 verbose node symlink /usr/local/bin/node
5 verbose cache add [ 'generator-angular', '*' ]
6 verbose cache add name="generator-angular" spec="*" args=["generator-angular","*"]
7 verbose parsed url { protocol: null,
7 verbose parsed url   slashes: null,
7 verbose parsed url   auth: null,
7 verbose parsed url   host: null,
7 verbose parsed url   port: null,
7 verbose parsed url   hostname: null,
7 verbose parsed url   hash: null,
7 verbose parsed url   search: null,
7 verbose parsed url   query: null,
7 verbose parsed url   pathname: '*',
7 verbose parsed url   path: '*',
7 verbose parsed url   href: '*' }
8 verbose addNamed [ 'generator-angular', '*' ]
9 verbose addNamed [ null, '*' ]
10 silly lockFile dfab20f3-generator-angular generator-angular@*
11 verbose lock generator-angular@* /Users/jiar/.npm/dfab20f3-generator-angular.lock
12 silly addNameRange { name: 'generator-angular', range: '*', hasData: false }
13 verbose url raw generator-angular
14 verbose url resolving [ 'https://registry.npmjs.org/', './generator-angular' ]
15 verbose url resolved https://registry.npmjs.org/generator-angular
16 info trying registry request attempt 1 at 20:19:56
17 http GET https://registry.npmjs.org/generator-angular
18 http 200 https://registry.npmjs.org/generator-angular
19 silly registry.get cb [ 200,
19 silly registry.get   { vary: 'Accept',
19 silly registry.get     server: 'CouchDB/1.3.1 (Erlang OTP/R15B03)',
19 silly registry.get     etag: '"UHRSQKHEUF8QXOX6QIUHOVOQ"',
19 silly registry.get     date: 'Wed, 06 Nov 2013 19:19:58 GMT',
19 silly registry.get     'content-type': 'application/json',
19 silly registry.get     'content-length': '124624' } ]
20 silly addNameRange number 2 { name: 'generator-angular', range: '*', hasData: true }
21 silly addNameRange versions [ 'generator-angular',
21 silly addNameRange   [ '0.1.0',
21 silly addNameRange     '0.1.1',
21 silly addNameRange     '0.1.2',
21 silly addNameRange     '0.1.3',
21 silly addNameRange     '0.1.4',
21 silly addNameRange     '0.1.5',
21 silly addNameRange     '0.2.0',
21 silly addNameRange     '0.2.1',
21 silly addNameRange     '0.2.2',
21 silly addNameRange     '0.3.0',
21 silly addNameRange     '0.3.1',
21 silly addNameRange     '0.4.0',
21 silly addNameRange     '0.5.0',
21 silly addNameRange     '0.5.1' ] ]
22 verbose addNamed [ 'generator-angular', '0.5.1' ]
23 verbose addNamed [ '0.5.1', '0.5.1' ]
24 silly lockFile efd560e9-generator-angular-0-5-1 generator-angular@0.5.1
25 verbose lock generator-angular@0.5.1 /Users/jiar/.npm/efd560e9-generator-angular-0-5-1.lock
26 silly lockFile 1f390bb5-ular-generator-angular-0-5-1-tgz https://registry.npmjs.org/generator-angular/-/generator-angular-0.5.1.tgz
27 verbose lock https://registry.npmjs.org/generator-angular/-/generator-angular-0.5.1.tgz /Users/jiar/.npm/1f390bb5-ular-generator-angular-0-5-1-tgz.lock
28 verbose addRemoteTarball [ 'https://registry.npmjs.org/generator-angular/-/generator-angular-0.5.1.tgz',
28 verbose addRemoteTarball   'b7cd8ef2aaec9cdd4d9d792bf38ff74bb8971cc8' ]
29 info retry fetch attempt 1 at 20:19:58
30 verbose fetch to= /var/folders/05/rxnf0l414jj488k8_wcqnjjw0000gn/T/npm-7914-gfp-5B4P/1383765598953-0.9234686957206577/tmp.tgz
31 http GET https://registry.npmjs.org/generator-angular/-/generator-angular-0.5.1.tgz
32 http 200 https://registry.npmjs.org/generator-angular/-/generator-angular-0.5.1.tgz
33 verbose tar unpack /var/folders/05/rxnf0l414jj488k8_wcqnjjw0000gn/T/npm-7914-gfp-5B4P/1383765598953-0.9234686957206577/tmp.tgz
34 silly lockFile 2023af81-98953-0-9234686957206577-package tar:///var/folders/05/rxnf0l414jj488k8_wcqnjjw0000gn/T/npm-7914-gfp-5B4P/1383765598953-0.9234686957206577/package
35 verbose lock tar:///var/folders/05/rxnf0l414jj488k8_wcqnjjw0000gn/T/npm-7914-gfp-5B4P/1383765598953-0.9234686957206577/package /Users/jiar/.npm/2023af81-98953-0-9234686957206577-package.lock
36 silly lockFile 40fcf20e-98953-0-9234686957206577-tmp-tgz tar:///var/folders/05/rxnf0l414jj488k8_wcqnjjw0000gn/T/npm-7914-gfp-5B4P/1383765598953-0.9234686957206577/tmp.tgz
37 verbose lock tar:///var/folders/05/rxnf0l414jj488k8_wcqnjjw0000gn/T/npm-7914-gfp-5B4P/1383765598953-0.9234686957206577/tmp.tgz /Users/jiar/.npm/40fcf20e-98953-0-9234686957206577-tmp-tgz.lock
38 silly gunzTarPerm modes [ '755', '644' ]
39 silly gunzTarPerm extractEntry package.json
40 silly gunzTarPerm extractEntry .npmignore
41 silly gunzTarPerm extractEntry Gruntfile.js
42 silly gunzTarPerm extractEntry script-base.js
43 silly gunzTarPerm extractEntry util.js
44 silly gunzTarPerm extractEntry factory/index.js
45 silly gunzTarPerm extractEntry factory/USAGE
46 silly gunzTarPerm extractEntry .jshintrc
47 silly gunzTarPerm extractEntry app/index.js
48 silly gunzTarPerm extractEntry app/USAGE
49 silly gunzTarPerm extractEntry app/templates/images/glyphicons-halflings-white.png
50 silly gunzTarPerm extractEntry app/templates/images/glyphicons-halflings.png
51 silly gunzTarPerm extractEntry app/templates/styles/css/bootstrap.css
52 silly gunzTarPerm extractEntry app/templates/styles/css/main.css
53 silly gunzTarPerm extractEntry app/templates/styles/scss/main.scss
54 silly gunzTarPerm extractEntry common/index.js
55 silly gunzTarPerm extractEntry constant/index.js
56 silly gunzTarPerm extractEntry constant/USAGE
57 silly gunzTarPerm extractEntry contributing.md
58 silly gunzTarPerm extractEntry controller/index.js
59 silly gunzTarPerm extractEntry controller/USAGE
60 silly gunzTarPerm extractEntry decorator/index.js
61 silly gunzTarPerm extractEntry decorator/USAGE
62 silly gunzTarPerm extractEntry directive/index.js
63 silly gunzTarPerm extractEntry directive/USAGE
64 silly gunzTarPerm extractEntry .gitattributes
65 silly gunzTarPerm extractEntry filter/index.js
66 silly gunzTarPerm extractEntry filter/USAGE
67 silly gunzTarPerm extractEntry main/index.js
68 silly gunzTarPerm extractEntry .editorconfig
69 silly gunzTarPerm extractEntry provider/index.js
70 silly gunzTarPerm extractEntry provider/USAGE
71 silly gunzTarPerm extractEntry readme.md
72 silly gunzTarPerm extractEntry route/index.js
73 silly gunzTarPerm extractEntry route/USAGE
74 silly gunzTarPerm extractEntry .travis.yml
75 silly gunzTarPerm extractEntry service/index.js
76 silly gunzTarPerm extractEntry service/USAGE
77 silly gunzTarPerm extractEntry templates/coffeescript/app.coffee
78 silly gunzTarPerm extractEntry templates/coffeescript/controller.coffee
79 silly gunzTarPerm extractEntry templates/coffeescript/decorator.coffee
80 silly gunzTarPerm extractEntry templates/coffeescript/directive.coffee
81 silly gunzTarPerm extractEntry templates/coffeescript/filter.coffee
82 silly gunzTarPerm extractEntry templates/coffeescript/service/constant.coffee
83 silly gunzTarPerm extractEntry templates/coffeescript/service/factory.coffee
84 silly gunzTarPerm extractEntry templates/coffeescript/service/provider.coffee
85 silly gunzTarPerm extractEntry templates/coffeescript/service/service.coffee
86 silly gunzTarPerm extractEntry templates/coffeescript/service/value.coffee
87 silly gunzTarPerm extractEntry templates/coffeescript/spec/controller.coffee
88 silly gunzTarPerm extractEntry templates/coffeescript/spec/directive.coffee
89 silly gunzTarPerm extractEntry templates/coffeescript/spec/filter.coffee
90 silly gunzTarPerm extractEntry templates/coffeescript/spec/service.coffee
91 silly gunzTarPerm extractEntry templates/coffeescript-min/app.coffee
92 silly gunzTarPerm extractEntry templates/coffeescript-min/controller.coffee
93 silly gunzTarPerm extractEntry templates/coffeescript-min/decorator.coffee
94 silly gunzTarPerm extractEntry templates/coffeescript-min/directive.coffee
95 silly gunzTarPerm extractEntry templates/coffeescript-min/filter.coffee
96 silly gunzTarPerm extractEntry templates/coffeescript-min/service/constant.coffee
97 silly gunzTarPerm extractEntry templates/coffeescript-min/service/factory.coffee
98 silly gunzTarPerm extractEntry templates/coffeescript-min/service/provider.coffee
99 silly gunzTarPerm extractEntry templates/coffeescript-min/service/service.coffee
100 silly gunzTarPerm extractEntry templates/coffeescript-min/service/value.coffee
101 silly gunzTarPerm extractEntry templates/coffeescript-min/spec/controller.coffee
102 silly gunzTarPerm extractEntry templates/coffeescript-min/spec/directive.coffee
103 silly gunzTarPerm extractEntry templates/coffeescript-min/spec/filter.coffee
104 silly gunzTarPerm extractEntry templates/coffeescript-min/spec/service.coffee
105 silly gunzTarPerm extractEntry templates/common/Gruntfile.js
106 silly gunzTarPerm extractEntry templates/common/_bower.json
107 silly gunzTarPerm extractEntry templates/common/_package.json
108 silly gunzTarPerm extractEntry templates/common/gitignore
109 silly gunzTarPerm extractEntry templates/common/index.html
110 silly gunzTarPerm extractEntry templates/common/root/.bowerrc
111 silly gunzTarPerm extractEntry templates/common/root/.editorconfig
112 silly gunzTarPerm extractEntry templates/common/root/.gitattributes
113 silly gunzTarPerm extractEntry templates/common/root/.jshintrc
114 silly gunzTarPerm extractEntry templates/common/root/app/.buildignore
115 silly gunzTarPerm extractEntry templates/common/root/app/.htaccess
116 silly gunzTarPerm extractEntry templates/common/root/app/404.html
117 silly gunzTarPerm extractEntry templates/common/root/app/favicon.ico
118 silly gunzTarPerm extractEntry templates/common/root/app/robots.txt
119 silly gunzTarPerm extractEntry templates/common/root/app/views/main.html
120 silly gunzTarPerm extractEntry templates/common/root/test/.jshintrc
121 silly gunzTarPerm extractEntry templates/common/root/test/runner.html
122 silly gunzTarPerm extractEntry templates/common/view.html
123 silly gunzTarPerm extractEntry templates/javascript/app.js
124 silly gunzTarPerm extractEntry templates/javascript/controller.js
125 silly gunzTarPerm extractEntry templates/javascript/decorator.js
126 silly gunzTarPerm extractEntry templates/javascript/directive.js
127 silly gunzTarPerm extractEntry templates/javascript/filter.js
128 silly gunzTarPerm extractEntry templates/javascript/service/constant.js
129 silly gunzTarPerm extractEntry templates/javascript/service/factory.js
130 silly gunzTarPerm extractEntry templates/javascript/service/provider.js
131 silly gunzTarPerm extractEntry templates/javascript/service/service.js
132 silly gunzTarPerm extractEntry templates/javascript/service/value.js
133 silly gunzTarPerm extractEntry templates/javascript/spec/controller.js
134 silly gunzTarPerm extractEntry templates/javascript/spec/directive.js
135 silly gunzTarPerm extractEntry templates/javascript/spec/filter.js
136 silly gunzTarPerm extractEntry templates/javascript/spec/service.js
137 silly gunzTarPerm extractEntry templates/javascript-min/app.js
138 silly gunzTarPerm extractEntry templates/javascript-min/controller.js
139 silly gunzTarPerm extractEntry templates/javascript-min/decorator.js
140 silly gunzTarPerm extractEntry templates/javascript-min/directive.js
141 silly gunzTarPerm extractEntry templates/javascript-min/filter.js
142 silly gunzTarPerm extractEntry templates/javascript-min/service/constant.js
143 silly gunzTarPerm extractEntry templates/javascript-min/service/factory.js
144 silly gunzTarPerm extractEntry templates/javascript-min/service/provider.js
145 silly gunzTarPerm extractEntry templates/javascript-min/service/service.js
146 silly gunzTarPerm extractEntry templates/javascript-min/service/value.js
147 silly gunzTarPerm extractEntry templates/javascript-min/spec/controller.js
148 silly gunzTarPerm extractEntry templates/javascript-min/spec/directive.js
149 silly gunzTarPerm extractEntry templates/javascript-min/spec/filter.js
150 silly gunzTarPerm extractEntry templates/javascript-min/spec/service.js
151 silly gunzTarPerm extractEntry test/test-appname-substitution.js
152 silly gunzTarPerm extractEntry test/test-file-creation.js
153 silly gunzTarPerm extractEntry CHANGELOG.md
154 silly gunzTarPerm extractEntry value/index.js
155 silly gunzTarPerm extractEntry value/USAGE
156 silly gunzTarPerm extractEntry view/index.js
157 silly gunzTarPerm extractEntry view/USAGE
158 silly lockFile 2023af81-98953-0-9234686957206577-package tar:///var/folders/05/rxnf0l414jj488k8_wcqnjjw0000gn/T/npm-7914-gfp-5B4P/1383765598953-0.9234686957206577/package
159 silly lockFile 2023af81-98953-0-9234686957206577-package tar:///var/folders/05/rxnf0l414jj488k8_wcqnjjw0000gn/T/npm-7914-gfp-5B4P/1383765598953-0.9234686957206577/package
160 silly lockFile 40fcf20e-98953-0-9234686957206577-tmp-tgz tar:///var/folders/05/rxnf0l414jj488k8_wcqnjjw0000gn/T/npm-7914-gfp-5B4P/1383765598953-0.9234686957206577/tmp.tgz
161 silly lockFile 40fcf20e-98953-0-9234686957206577-tmp-tgz tar:///var/folders/05/rxnf0l414jj488k8_wcqnjjw0000gn/T/npm-7914-gfp-5B4P/1383765598953-0.9234686957206577/tmp.tgz
162 verbose tar pack [ '/Users/jiar/.npm/generator-angular/0.5.1/package.tgz',
162 verbose tar pack   '/var/folders/05/rxnf0l414jj488k8_wcqnjjw0000gn/T/npm-7914-gfp-5B4P/1383765598953-0.9234686957206577/package' ]
163 verbose tarball /Users/jiar/.npm/generator-angular/0.5.1/package.tgz
164 verbose folder /var/folders/05/rxnf0l414jj488k8_wcqnjjw0000gn/T/npm-7914-gfp-5B4P/1383765598953-0.9234686957206577/package
165 silly lockFile 2023af81-98953-0-9234686957206577-package tar:///var/folders/05/rxnf0l414jj488k8_wcqnjjw0000gn/T/npm-7914-gfp-5B4P/1383765598953-0.9234686957206577/package
166 verbose lock tar:///var/folders/05/rxnf0l414jj488k8_wcqnjjw0000gn/T/npm-7914-gfp-5B4P/1383765598953-0.9234686957206577/package /Users/jiar/.npm/2023af81-98953-0-9234686957206577-package.lock
167 silly lockFile 8c52dc29-erator-angular-0-5-1-package-tgz tar:///Users/jiar/.npm/generator-angular/0.5.1/package.tgz
168 verbose lock tar:///Users/jiar/.npm/generator-angular/0.5.1/package.tgz /Users/jiar/.npm/8c52dc29-erator-angular-0-5-1-package-tgz.lock
169 silly lockFile 2023af81-98953-0-9234686957206577-package tar:///var/folders/05/rxnf0l414jj488k8_wcqnjjw0000gn/T/npm-7914-gfp-5B4P/1383765598953-0.9234686957206577/package
170 silly lockFile 2023af81-98953-0-9234686957206577-package tar:///var/folders/05/rxnf0l414jj488k8_wcqnjjw0000gn/T/npm-7914-gfp-5B4P/1383765598953-0.9234686957206577/package
171 silly lockFile 8c52dc29-erator-angular-0-5-1-package-tgz tar:///Users/jiar/.npm/generator-angular/0.5.1/package.tgz
172 silly lockFile 8c52dc29-erator-angular-0-5-1-package-tgz tar:///Users/jiar/.npm/generator-angular/0.5.1/package.tgz
173 silly lockFile f680570b--generator-angular-0-5-1-package /Users/jiar/.npm/generator-angular/0.5.1/package
174 verbose lock /Users/jiar/.npm/generator-angular/0.5.1/package /Users/jiar/.npm/f680570b--generator-angular-0-5-1-package.lock
175 silly lockFile f680570b--generator-angular-0-5-1-package /Users/jiar/.npm/generator-angular/0.5.1/package
176 silly lockFile f680570b--generator-angular-0-5-1-package /Users/jiar/.npm/generator-angular/0.5.1/package
177 verbose tar unpack /Users/jiar/.npm/generator-angular/0.5.1/package.tgz
178 silly lockFile 42bb01c7--generator-angular-0-5-1-package tar:///Users/jiar/.npm/generator-angular/0.5.1/package
179 verbose lock tar:///Users/jiar/.npm/generator-angular/0.5.1/package /Users/jiar/.npm/42bb01c7--generator-angular-0-5-1-package.lock
180 silly lockFile 8c52dc29-erator-angular-0-5-1-package-tgz tar:///Users/jiar/.npm/generator-angular/0.5.1/package.tgz
181 verbose lock tar:///Users/jiar/.npm/generator-angular/0.5.1/package.tgz /Users/jiar/.npm/8c52dc29-erator-angular-0-5-1-package-tgz.lock
182 silly gunzTarPerm modes [ '755', '644' ]
183 silly gunzTarPerm extractEntry package.json
184 silly gunzTarPerm extractEntry .npmignore
185 silly gunzTarPerm extractEntry Gruntfile.js
186 silly gunzTarPerm extractEntry script-base.js
187 silly gunzTarPerm extractEntry util.js
188 silly gunzTarPerm extractEntry factory/index.js
189 silly gunzTarPerm extractEntry factory/USAGE
190 silly gunzTarPerm extractEntry .jshintrc
191 silly gunzTarPerm extractEntry app/index.js
192 silly gunzTarPerm extractEntry app/USAGE
193 silly gunzTarPerm extractEntry app/templates/images/glyphicons-halflings-white.png
194 silly gunzTarPerm extractEntry app/templates/images/glyphicons-halflings.png
195 silly gunzTarPerm extractEntry app/templates/styles/css/bootstrap.css
196 silly gunzTarPerm extractEntry app/templates/styles/css/main.css
197 silly gunzTarPerm extractEntry app/templates/styles/scss/main.scss
198 silly gunzTarPerm extractEntry common/index.js
199 silly gunzTarPerm extractEntry constant/index.js
200 silly gunzTarPerm extractEntry constant/USAGE
201 silly gunzTarPerm extractEntry contributing.md
202 silly gunzTarPerm extractEntry controller/index.js
203 silly gunzTarPerm extractEntry controller/USAGE
204 silly gunzTarPerm extractEntry decorator/index.js
205 silly gunzTarPerm extractEntry decorator/USAGE
206 silly gunzTarPerm extractEntry directive/index.js
207 silly gunzTarPerm extractEntry directive/USAGE
208 silly gunzTarPerm extractEntry .gitattributes
209 silly gunzTarPerm extractEntry filter/index.js
210 silly gunzTarPerm extractEntry filter/USAGE
211 silly gunzTarPerm extractEntry main/index.js
212 silly gunzTarPerm extractEntry .editorconfig
213 silly gunzTarPerm extractEntry provider/index.js
214 silly gunzTarPerm extractEntry provider/USAGE
215 silly gunzTarPerm extractEntry readme.md
216 silly gunzTarPerm extractEntry route/index.js
217 silly gunzTarPerm extractEntry route/USAGE
218 silly gunzTarPerm extractEntry .travis.yml
219 silly gunzTarPerm extractEntry service/index.js
220 silly gunzTarPerm extractEntry service/USAGE
221 silly gunzTarPerm extractEntry templates/coffeescript/app.coffee
222 silly gunzTarPerm extractEntry templates/coffeescript/controller.coffee
223 silly gunzTarPerm extractEntry templates/coffeescript/decorator.coffee
224 silly gunzTarPerm extractEntry templates/coffeescript/directive.coffee
225 silly gunzTarPerm extractEntry templates/coffeescript/filter.coffee
226 silly gunzTarPerm extractEntry templates/coffeescript/service/constant.coffee
227 silly gunzTarPerm extractEntry templates/coffeescript/service/factory.coffee
228 silly gunzTarPerm extractEntry templates/coffeescript/service/provider.coffee
229 silly gunzTarPerm extractEntry templates/coffeescript/service/service.coffee
230 silly gunzTarPerm extractEntry templates/coffeescript/service/value.coffee
231 silly gunzTarPerm extractEntry templates/coffeescript/spec/controller.coffee
232 silly gunzTarPerm extractEntry templates/coffeescript/spec/directive.coffee
233 silly gunzTarPerm extractEntry templates/coffeescript/spec/filter.coffee
234 silly gunzTarPerm extractEntry templates/coffeescript/spec/service.coffee
235 silly gunzTarPerm extractEntry templates/coffeescript-min/app.coffee
236 silly gunzTarPerm extractEntry templates/coffeescript-min/controller.coffee
237 silly gunzTarPerm extractEntry templates/coffeescript-min/decorator.coffee
238 silly gunzTarPerm extractEntry templates/coffeescript-min/directive.coffee
239 silly gunzTarPerm extractEntry templates/coffeescript-min/filter.coffee
240 silly gunzTarPerm extractEntry templates/coffeescript-min/service/constant.coffee
241 silly gunzTarPerm extractEntry templates/coffeescript-min/service/factory.coffee
242 silly gunzTarPerm extractEntry templates/coffeescript-min/service/provider.coffee
243 silly gunzTarPerm extractEntry templates/coffeescript-min/service/service.coffee
244 silly gunzTarPerm extractEntry templates/coffeescript-min/service/value.coffee
245 silly gunzTarPerm extractEntry templates/coffeescript-min/spec/controller.coffee
246 silly gunzTarPerm extractEntry templates/coffeescript-min/spec/directive.coffee
247 silly gunzTarPerm extractEntry templates/coffeescript-min/spec/filter.coffee
248 silly gunzTarPerm extractEntry templates/coffeescript-min/spec/service.coffee
249 silly gunzTarPerm extractEntry templates/common/Gruntfile.js
250 silly gunzTarPerm extractEntry templates/common/_bower.json
251 silly gunzTarPerm extractEntry templates/common/_package.json
252 silly gunzTarPerm extractEntry templates/common/gitignore
253 silly gunzTarPerm extractEntry templates/common/index.html
254 silly gunzTarPerm extractEntry templates/common/root/.bowerrc
255 silly gunzTarPerm extractEntry templates/common/root/.editorconfig
256 silly gunzTarPerm extractEntry templates/common/root/.gitattributes
257 silly gunzTarPerm extractEntry templates/common/root/.jshintrc
258 silly gunzTarPerm extractEntry templates/common/root/app/.buildignore
259 silly gunzTarPerm extractEntry templates/common/root/app/.htaccess
260 silly gunzTarPerm extractEntry templates/common/root/app/404.html
261 silly gunzTarPerm extractEntry templates/common/root/app/favicon.ico
262 silly gunzTarPerm extractEntry templates/common/root/app/robots.txt
263 silly gunzTarPerm extractEntry templates/common/root/app/views/main.html
264 silly gunzTarPerm extractEntry templates/common/root/test/.jshintrc
265 silly gunzTarPerm extractEntry templates/common/root/test/runner.html
266 silly gunzTarPerm extractEntry templates/common/view.html
267 silly gunzTarPerm extractEntry templates/javascript/app.js
268 silly gunzTarPerm extractEntry templates/javascript/controller.js
269 silly gunzTarPerm extractEntry templates/javascript/decorator.js
270 silly gunzTarPerm extractEntry templates/javascript/directive.js
271 silly gunzTarPerm extractEntry templates/javascript/filter.js
272 silly gunzTarPerm extractEntry templates/javascript/service/constant.js
273 silly gunzTarPerm extractEntry templates/javascript/service/factory.js
274 silly gunzTarPerm extractEntry templates/javascript/service/provider.js
275 silly gunzTarPerm extractEntry templates/javascript/service/service.js
276 silly gunzTarPerm extractEntry templates/javascript/service/value.js
277 silly gunzTarPerm extractEntry templates/javascript/spec/controller.js
278 silly gunzTarPerm extractEntry templates/javascript/spec/directive.js
279 silly gunzTarPerm extractEntry templates/javascript/spec/filter.js
280 silly gunzTarPerm extractEntry templates/javascript/spec/service.js
281 silly gunzTarPerm extractEntry templates/javascript-min/app.js
282 silly gunzTarPerm extractEntry templates/javascript-min/controller.js
283 silly gunzTarPerm extractEntry templates/javascript-min/decorator.js
284 silly gunzTarPerm extractEntry templates/javascript-min/directive.js
285 silly gunzTarPerm extractEntry templates/javascript-min/filter.js
286 silly gunzTarPerm extractEntry templates/javascript-min/service/constant.js
287 silly gunzTarPerm extractEntry templates/javascript-min/service/factory.js
288 silly gunzTarPerm extractEntry templates/javascript-min/service/provider.js
289 silly gunzTarPerm extractEntry templates/javascript-min/service/service.js
290 silly gunzTarPerm extractEntry templates/javascript-min/service/value.js
291 silly gunzTarPerm extractEntry templates/javascript-min/spec/controller.js
292 silly gunzTarPerm extractEntry templates/javascript-min/spec/directive.js
293 silly gunzTarPerm extractEntry templates/javascript-min/spec/filter.js
294 silly gunzTarPerm extractEntry templates/javascript-min/spec/service.js
295 silly gunzTarPerm extractEntry test/test-appname-substitution.js
296 silly gunzTarPerm extractEntry test/test-file-creation.js
297 silly gunzTarPerm extractEntry CHANGELOG.md
298 silly gunzTarPerm extractEntry value/index.js
299 silly gunzTarPerm extractEntry value/USAGE
300 silly gunzTarPerm extractEntry view/index.js
301 silly gunzTarPerm extractEntry view/USAGE
302 silly lockFile 42bb01c7--generator-angular-0-5-1-package tar:///Users/jiar/.npm/generator-angular/0.5.1/package
303 silly lockFile 42bb01c7--generator-angular-0-5-1-package tar:///Users/jiar/.npm/generator-angular/0.5.1/package
304 silly lockFile 8c52dc29-erator-angular-0-5-1-package-tgz tar:///Users/jiar/.npm/generator-angular/0.5.1/package.tgz
305 silly lockFile 8c52dc29-erator-angular-0-5-1-package-tgz tar:///Users/jiar/.npm/generator-angular/0.5.1/package.tgz
306 verbose chmod /Users/jiar/.npm/generator-angular/0.5.1/package.tgz 644
307 verbose chown /Users/jiar/.npm/generator-angular/0.5.1/package.tgz [ 501, 20 ]
308 silly lockFile 1f390bb5-ular-generator-angular-0-5-1-tgz https://registry.npmjs.org/generator-angular/-/generator-angular-0.5.1.tgz
309 silly lockFile 1f390bb5-ular-generator-angular-0-5-1-tgz https://registry.npmjs.org/generator-angular/-/generator-angular-0.5.1.tgz
310 silly lockFile efd560e9-generator-angular-0-5-1 generator-angular@0.5.1
311 silly lockFile efd560e9-generator-angular-0-5-1 generator-angular@0.5.1
312 silly lockFile dfab20f3-generator-angular generator-angular@*
313 silly lockFile dfab20f3-generator-angular generator-angular@*
314 info outdated updating [ [ '/usr/local/lib', 'generator-angular', '0.4.0', '0.5.1', '*' ] ]
315 verbose install where,what [ '/usr/local/lib', [ 'generator-angular@0.5.1' ] ]
316 verbose cache add [ 'generator-angular@0.5.1', null ]
317 verbose cache add name=undefined spec="generator-angular@0.5.1" args=["generator-angular@0.5.1",null]
318 verbose parsed url { protocol: null,
318 verbose parsed url   slashes: null,
318 verbose parsed url   auth: null,
318 verbose parsed url   host: null,
318 verbose parsed url   port: null,
318 verbose parsed url   hostname: null,
318 verbose parsed url   hash: null,
318 verbose parsed url   search: null,
318 verbose parsed url   query: null,
318 verbose parsed url   pathname: 'generator-angular@0.5.1',
318 verbose parsed url   path: 'generator-angular@0.5.1',
318 verbose parsed url   href: 'generator-angular@0.5.1' }
319 verbose cache add name="generator-angular" spec="0.5.1" args=["generator-angular","0.5.1"]
320 verbose parsed url { protocol: null,
320 verbose parsed url   slashes: null,
320 verbose parsed url   auth: null,
320 verbose parsed url   host: null,
320 verbose parsed url   port: null,
320 verbose parsed url   hostname: null,
320 verbose parsed url   hash: null,
320 verbose parsed url   search: null,
320 verbose parsed url   query: null,
320 verbose parsed url   pathname: '0.5.1',
320 verbose parsed url   path: '0.5.1',
320 verbose parsed url   href: '0.5.1' }
321 verbose addNamed [ 'generator-angular', '0.5.1' ]
322 verbose addNamed [ '0.5.1', '0.5.1' ]
323 silly lockFile efd560e9-generator-angular-0-5-1 generator-angular@0.5.1
324 verbose lock generator-angular@0.5.1 /Users/jiar/.npm/efd560e9-generator-angular-0-5-1.lock
325 verbose url raw generator-angular/0.5.1
326 verbose url resolving [ 'https://registry.npmjs.org/', './generator-angular/0.5.1' ]
327 verbose url resolved https://registry.npmjs.org/generator-angular/0.5.1
328 info trying registry request attempt 1 at 20:20:01
329 http GET https://registry.npmjs.org/generator-angular/0.5.1
330 http 200 https://registry.npmjs.org/generator-angular/0.5.1
331 silly registry.get cb [ 200,
331 silly registry.get   { vary: 'Accept',
331 silly registry.get     server: 'CouchDB/1.3.1 (Erlang OTP/R15B03)',
331 silly registry.get     etag: '"UHRSQKHEUF8QXOX6QIUHOVOQ"',
331 silly registry.get     date: 'Wed, 06 Nov 2013 19:20:02 GMT',
331 silly registry.get     'content-type': 'application/json',
331 silly registry.get     'content-length': '9391' } ]
332 silly lockFile 1f390bb5-ular-generator-angular-0-5-1-tgz https://registry.npmjs.org/generator-angular/-/generator-angular-0.5.1.tgz
333 verbose lock https://registry.npmjs.org/generator-angular/-/generator-angular-0.5.1.tgz /Users/jiar/.npm/1f390bb5-ular-generator-angular-0-5-1-tgz.lock
334 verbose addRemoteTarball [ 'https://registry.npmjs.org/generator-angular/-/generator-angular-0.5.1.tgz',
334 verbose addRemoteTarball   'b7cd8ef2aaec9cdd4d9d792bf38ff74bb8971cc8' ]
335 info retry fetch attempt 1 at 20:20:02
336 verbose fetch to= /var/folders/05/rxnf0l414jj488k8_wcqnjjw0000gn/T/npm-7914-gfp-5B4P/1383765602358-0.8569081074092537/tmp.tgz
337 http GET https://registry.npmjs.org/generator-angular/-/generator-angular-0.5.1.tgz
338 http 200 https://registry.npmjs.org/generator-angular/-/generator-angular-0.5.1.tgz
339 verbose tar unpack /var/folders/05/rxnf0l414jj488k8_wcqnjjw0000gn/T/npm-7914-gfp-5B4P/1383765602358-0.8569081074092537/tmp.tgz
340 silly lockFile 3e09d86c-02358-0-8569081074092537-package tar:///var/folders/05/rxnf0l414jj488k8_wcqnjjw0000gn/T/npm-7914-gfp-5B4P/1383765602358-0.8569081074092537/package
341 verbose lock tar:///var/folders/05/rxnf0l414jj488k8_wcqnjjw0000gn/T/npm-7914-gfp-5B4P/1383765602358-0.8569081074092537/package /Users/jiar/.npm/3e09d86c-02358-0-8569081074092537-package.lock
342 silly lockFile 1ac99e31-02358-0-8569081074092537-tmp-tgz tar:///var/folders/05/rxnf0l414jj488k8_wcqnjjw0000gn/T/npm-7914-gfp-5B4P/1383765602358-0.8569081074092537/tmp.tgz
343 verbose lock tar:///var/folders/05/rxnf0l414jj488k8_wcqnjjw0000gn/T/npm-7914-gfp-5B4P/1383765602358-0.8569081074092537/tmp.tgz /Users/jiar/.npm/1ac99e31-02358-0-8569081074092537-tmp-tgz.lock
344 silly gunzTarPerm modes [ '755', '644' ]
345 silly gunzTarPerm extractEntry package.json
346 silly gunzTarPerm extractEntry .npmignore
347 silly gunzTarPerm extractEntry Gruntfile.js
348 silly gunzTarPerm extractEntry script-base.js
349 silly gunzTarPerm extractEntry util.js
350 silly gunzTarPerm extractEntry factory/index.js
351 silly gunzTarPerm extractEntry factory/USAGE
352 silly gunzTarPerm extractEntry .jshintrc
353 silly gunzTarPerm extractEntry app/index.js
354 silly gunzTarPerm extractEntry app/USAGE
355 silly gunzTarPerm extractEntry app/templates/images/glyphicons-halflings-white.png
356 silly gunzTarPerm extractEntry app/templates/images/glyphicons-halflings.png
357 silly gunzTarPerm extractEntry app/templates/styles/css/bootstrap.css
358 silly gunzTarPerm extractEntry app/templates/styles/css/main.css
359 silly gunzTarPerm extractEntry app/templates/styles/scss/main.scss
360 silly gunzTarPerm extractEntry common/index.js
361 silly gunzTarPerm extractEntry constant/index.js
362 silly gunzTarPerm extractEntry constant/USAGE
363 silly gunzTarPerm extractEntry contributing.md
364 silly gunzTarPerm extractEntry controller/index.js
365 silly gunzTarPerm extractEntry controller/USAGE
366 silly gunzTarPerm extractEntry decorator/index.js
367 silly gunzTarPerm extractEntry decorator/USAGE
368 silly gunzTarPerm extractEntry directive/index.js
369 silly gunzTarPerm extractEntry directive/USAGE
370 silly gunzTarPerm extractEntry .gitattributes
371 silly gunzTarPerm extractEntry filter/index.js
372 silly gunzTarPerm extractEntry filter/USAGE
373 silly gunzTarPerm extractEntry main/index.js
374 silly gunzTarPerm extractEntry .editorconfig
375 silly gunzTarPerm extractEntry provider/index.js
376 silly gunzTarPerm extractEntry provider/USAGE
377 silly gunzTarPerm extractEntry readme.md
378 silly gunzTarPerm extractEntry route/index.js
379 silly gunzTarPerm extractEntry route/USAGE
380 silly gunzTarPerm extractEntry .travis.yml
381 silly gunzTarPerm extractEntry service/index.js
382 silly gunzTarPerm extractEntry service/USAGE
383 silly gunzTarPerm extractEntry templates/coffeescript/app.coffee
384 silly gunzTarPerm extractEntry templates/coffeescript/controller.coffee
385 silly gunzTarPerm extractEntry templates/coffeescript/decorator.coffee
386 silly gunzTarPerm extractEntry templates/coffeescript/directive.coffee
387 silly gunzTarPerm extractEntry templates/coffeescript/filter.coffee
388 silly gunzTarPerm extractEntry templates/coffeescript/service/constant.coffee
389 silly gunzTarPerm extractEntry templates/coffeescript/service/factory.coffee
390 silly gunzTarPerm extractEntry templates/coffeescript/service/provider.coffee
391 silly gunzTarPerm extractEntry templates/coffeescript/service/service.coffee
392 silly gunzTarPerm extractEntry templates/coffeescript/service/value.coffee
393 silly gunzTarPerm extractEntry templates/coffeescript/spec/controller.coffee
394 silly gunzTarPerm extractEntry templates/coffeescript/spec/directive.coffee
395 silly gunzTarPerm extractEntry templates/coffeescript/spec/filter.coffee
396 silly gunzTarPerm extractEntry templates/coffeescript/spec/service.coffee
397 silly gunzTarPerm extractEntry templates/coffeescript-min/app.coffee
398 silly gunzTarPerm extractEntry templates/coffeescript-min/controller.coffee
399 silly gunzTarPerm extractEntry templates/coffeescript-min/decorator.coffee
400 silly gunzTarPerm extractEntry templates/coffeescript-min/directive.coffee
401 silly gunzTarPerm extractEntry templates/coffeescript-min/filter.coffee
402 silly gunzTarPerm extractEntry templates/coffeescript-min/service/constant.coffee
403 silly gunzTarPerm extractEntry templates/coffeescript-min/service/factory.coffee
404 silly gunzTarPerm extractEntry templates/coffeescript-min/service/provider.coffee
405 silly gunzTarPerm extractEntry templates/coffeescript-min/service/service.coffee
406 silly gunzTarPerm extractEntry templates/coffeescript-min/service/value.coffee
407 silly gunzTarPerm extractEntry templates/coffeescript-min/spec/controller.coffee
408 silly gunzTarPerm extractEntry templates/coffeescript-min/spec/directive.coffee
409 silly gunzTarPerm extractEntry templates/coffeescript-min/spec/filter.coffee
410 silly gunzTarPerm extractEntry templates/coffeescript-min/spec/service.coffee
411 silly gunzTarPerm extractEntry templates/common/Gruntfile.js
412 silly gunzTarPerm extractEntry templates/common/_bower.json
413 silly gunzTarPerm extractEntry templates/common/_package.json
414 silly gunzTarPerm extractEntry templates/common/gitignore
415 silly gunzTarPerm extractEntry templates/common/index.html
416 silly gunzTarPerm extractEntry templates/common/root/.bowerrc
417 silly gunzTarPerm extractEntry templates/common/root/.editorconfig
418 silly gunzTarPerm extractEntry templates/common/root/.gitattributes
419 silly gunzTarPerm extractEntry templates/common/root/.jshintrc
420 silly gunzTarPerm extractEntry templates/common/root/app/.buildignore
421 silly gunzTarPerm extractEntry templates/common/root/app/.htaccess
422 silly gunzTarPerm extractEntry templates/common/root/app/404.html
423 silly gunzTarPerm extractEntry templates/common/root/app/favicon.ico
424 silly gunzTarPerm extractEntry templates/common/root/app/robots.txt
425 silly gunzTarPerm extractEntry templates/common/root/app/views/main.html
426 silly gunzTarPerm extractEntry templates/common/root/test/.jshintrc
427 silly gunzTarPerm extractEntry templates/common/root/test/runner.html
428 silly gunzTarPerm extractEntry templates/common/view.html
429 silly gunzTarPerm extractEntry templates/javascript/app.js
430 silly gunzTarPerm extractEntry templates/javascript/controller.js
431 silly gunzTarPerm extractEntry templates/javascript/decorator.js
432 silly gunzTarPerm extractEntry templates/javascript/directive.js
433 silly gunzTarPerm extractEntry templates/javascript/filter.js
434 silly gunzTarPerm extractEntry templates/javascript/service/constant.js
435 silly gunzTarPerm extractEntry templates/javascript/service/factory.js
436 silly gunzTarPerm extractEntry templates/javascript/service/provider.js
437 silly gunzTarPerm extractEntry templates/javascript/service/service.js
438 silly gunzTarPerm extractEntry templates/javascript/service/value.js
439 silly gunzTarPerm extractEntry templates/javascript/spec/controller.js
440 silly gunzTarPerm extractEntry templates/javascript/spec/directive.js
441 silly gunzTarPerm extractEntry templates/javascript/spec/filter.js
442 silly gunzTarPerm extractEntry templates/javascript/spec/service.js
443 silly gunzTarPerm extractEntry templates/javascript-min/app.js
444 silly gunzTarPerm extractEntry templates/javascript-min/controller.js
445 silly gunzTarPerm extractEntry templates/javascript-min/decorator.js
446 silly gunzTarPerm extractEntry templates/javascript-min/directive.js
447 silly gunzTarPerm extractEntry templates/javascript-min/filter.js
448 silly gunzTarPerm extractEntry templates/javascript-min/service/constant.js
449 silly gunzTarPerm extractEntry templates/javascript-min/service/factory.js
450 silly gunzTarPerm extractEntry templates/javascript-min/service/provider.js
451 silly gunzTarPerm extractEntry templates/javascript-min/service/service.js
452 silly gunzTarPerm extractEntry templates/javascript-min/service/value.js
453 silly gunzTarPerm extractEntry templates/javascript-min/spec/controller.js
454 silly gunzTarPerm extractEntry templates/javascript-min/spec/directive.js
455 silly gunzTarPerm extractEntry templates/javascript-min/spec/filter.js
456 silly gunzTarPerm extractEntry templates/javascript-min/spec/service.js
457 silly gunzTarPerm extractEntry test/test-appname-substitution.js
458 silly gunzTarPerm extractEntry test/test-file-creation.js
459 silly gunzTarPerm extractEntry CHANGELOG.md
460 silly gunzTarPerm extractEntry value/index.js
461 silly gunzTarPerm extractEntry value/USAGE
462 silly gunzTarPerm extractEntry view/index.js
463 silly gunzTarPerm extractEntry view/USAGE
464 silly lockFile 3e09d86c-02358-0-8569081074092537-package tar:///var/folders/05/rxnf0l414jj488k8_wcqnjjw0000gn/T/npm-7914-gfp-5B4P/1383765602358-0.8569081074092537/package
465 silly lockFile 3e09d86c-02358-0-8569081074092537-package tar:///var/folders/05/rxnf0l414jj488k8_wcqnjjw0000gn/T/npm-7914-gfp-5B4P/1383765602358-0.8569081074092537/package
466 silly lockFile 1ac99e31-02358-0-8569081074092537-tmp-tgz tar:///var/folders/05/rxnf0l414jj488k8_wcqnjjw0000gn/T/npm-7914-gfp-5B4P/1383765602358-0.8569081074092537/tmp.tgz
467 silly lockFile 1ac99e31-02358-0-8569081074092537-tmp-tgz tar:///var/folders/05/rxnf0l414jj488k8_wcqnjjw0000gn/T/npm-7914-gfp-5B4P/1383765602358-0.8569081074092537/tmp.tgz
468 verbose tar pack [ '/Users/jiar/.npm/generator-angular/0.5.1/package.tgz',
468 verbose tar pack   '/var/folders/05/rxnf0l414jj488k8_wcqnjjw0000gn/T/npm-7914-gfp-5B4P/1383765602358-0.8569081074092537/package' ]
469 verbose tarball /Users/jiar/.npm/generator-angular/0.5.1/package.tgz
470 verbose folder /var/folders/05/rxnf0l414jj488k8_wcqnjjw0000gn/T/npm-7914-gfp-5B4P/1383765602358-0.8569081074092537/package
471 silly lockFile 3e09d86c-02358-0-8569081074092537-package tar:///var/folders/05/rxnf0l414jj488k8_wcqnjjw0000gn/T/npm-7914-gfp-5B4P/1383765602358-0.8569081074092537/package
472 verbose lock tar:///var/folders/05/rxnf0l414jj488k8_wcqnjjw0000gn/T/npm-7914-gfp-5B4P/1383765602358-0.8569081074092537/package /Users/jiar/.npm/3e09d86c-02358-0-8569081074092537-package.lock
473 silly lockFile 8c52dc29-erator-angular-0-5-1-package-tgz tar:///Users/jiar/.npm/generator-angular/0.5.1/package.tgz
474 verbose lock tar:///Users/jiar/.npm/generator-angular/0.5.1/package.tgz /Users/jiar/.npm/8c52dc29-erator-angular-0-5-1-package-tgz.lock
475 silly lockFile 3e09d86c-02358-0-8569081074092537-package tar:///var/folders/05/rxnf0l414jj488k8_wcqnjjw0000gn/T/npm-7914-gfp-5B4P/1383765602358-0.8569081074092537/package
476 silly lockFile 3e09d86c-02358-0-8569081074092537-package tar:///var/folders/05/rxnf0l414jj488k8_wcqnjjw0000gn/T/npm-7914-gfp-5B4P/1383765602358-0.8569081074092537/package
477 silly lockFile 8c52dc29-erator-angular-0-5-1-package-tgz tar:///Users/jiar/.npm/generator-angular/0.5.1/package.tgz
478 silly lockFile 8c52dc29-erator-angular-0-5-1-package-tgz tar:///Users/jiar/.npm/generator-angular/0.5.1/package.tgz
479 silly lockFile f680570b--generator-angular-0-5-1-package /Users/jiar/.npm/generator-angular/0.5.1/package
480 verbose lock /Users/jiar/.npm/generator-angular/0.5.1/package /Users/jiar/.npm/f680570b--generator-angular-0-5-1-package.lock
481 silly lockFile f680570b--generator-angular-0-5-1-package /Users/jiar/.npm/generator-angular/0.5.1/package
482 silly lockFile f680570b--generator-angular-0-5-1-package /Users/jiar/.npm/generator-angular/0.5.1/package
483 verbose tar unpack /Users/jiar/.npm/generator-angular/0.5.1/package.tgz
484 silly lockFile 42bb01c7--generator-angular-0-5-1-package tar:///Users/jiar/.npm/generator-angular/0.5.1/package
485 verbose lock tar:///Users/jiar/.npm/generator-angular/0.5.1/package /Users/jiar/.npm/42bb01c7--generator-angular-0-5-1-package.lock
486 silly lockFile 8c52dc29-erator-angular-0-5-1-package-tgz tar:///Users/jiar/.npm/generator-angular/0.5.1/package.tgz
487 verbose lock tar:///Users/jiar/.npm/generator-angular/0.5.1/package.tgz /Users/jiar/.npm/8c52dc29-erator-angular-0-5-1-package-tgz.lock
488 silly gunzTarPerm modes [ '755', '644' ]
489 silly gunzTarPerm extractEntry package.json
490 silly gunzTarPerm extractEntry .npmignore
491 silly gunzTarPerm extractEntry Gruntfile.js
492 silly gunzTarPerm extractEntry script-base.js
493 silly gunzTarPerm extractEntry util.js
494 silly gunzTarPerm extractEntry factory/index.js
495 silly gunzTarPerm extractEntry factory/USAGE
496 silly gunzTarPerm extractEntry .jshintrc
497 silly gunzTarPerm extractEntry app/index.js
498 silly gunzTarPerm extractEntry app/USAGE
499 silly gunzTarPerm extractEntry app/templates/images/glyphicons-halflings-white.png
500 silly gunzTarPerm extractEntry app/templates/images/glyphicons-halflings.png
501 silly gunzTarPerm extractEntry app/templates/styles/css/bootstrap.css
502 silly gunzTarPerm extractEntry app/templates/styles/css/main.css
503 silly gunzTarPerm extractEntry app/templates/styles/scss/main.scss
504 silly gunzTarPerm extractEntry common/index.js
505 silly gunzTarPerm extractEntry constant/index.js
506 silly gunzTarPerm extractEntry constant/USAGE
507 silly gunzTarPerm extractEntry contributing.md
508 silly gunzTarPerm extractEntry controller/index.js
509 silly gunzTarPerm extractEntry controller/USAGE
510 silly gunzTarPerm extractEntry decorator/index.js
511 silly gunzTarPerm extractEntry decorator/USAGE
512 silly gunzTarPerm extractEntry directive/index.js
513 silly gunzTarPerm extractEntry directive/USAGE
514 silly gunzTarPerm extractEntry .gitattributes
515 silly gunzTarPerm extractEntry filter/index.js
516 silly gunzTarPerm extractEntry filter/USAGE
517 silly gunzTarPerm extractEntry main/index.js
518 silly gunzTarPerm extractEntry .editorconfig
519 silly gunzTarPerm extractEntry provider/index.js
520 silly gunzTarPerm extractEntry provider/USAGE
521 silly gunzTarPerm extractEntry readme.md
522 silly gunzTarPerm extractEntry route/index.js
523 silly gunzTarPerm extractEntry route/USAGE
524 silly gunzTarPerm extractEntry .travis.yml
525 silly gunzTarPerm extractEntry service/index.js
526 silly gunzTarPerm extractEntry service/USAGE
527 silly gunzTarPerm extractEntry templates/coffeescript/app.coffee
528 silly gunzTarPerm extractEntry templates/coffeescript/controller.coffee
529 silly gunzTarPerm extractEntry templates/coffeescript/decorator.coffee
530 silly gunzTarPerm extractEntry templates/coffeescript/directive.coffee
531 silly gunzTarPerm extractEntry templates/coffeescript/filter.coffee
532 silly gunzTarPerm extractEntry templates/coffeescript/service/constant.coffee
533 silly gunzTarPerm extractEntry templates/coffeescript/service/factory.coffee
534 silly gunzTarPerm extractEntry templates/coffeescript/service/provider.coffee
535 silly gunzTarPerm extractEntry templates/coffeescript/service/service.coffee
536 silly gunzTarPerm extractEntry templates/coffeescript/service/value.coffee
537 silly gunzTarPerm extractEntry templates/coffeescript/spec/controller.coffee
538 silly gunzTarPerm extractEntry templates/coffeescript/spec/directive.coffee
539 silly gunzTarPerm extractEntry templates/coffeescript/spec/filter.coffee
540 silly gunzTarPerm extractEntry templates/coffeescript/spec/service.coffee
541 silly gunzTarPerm extractEntry templates/coffeescript-min/app.coffee
542 silly gunzTarPerm extractEntry templates/coffeescript-min/controller.coffee
543 silly gunzTarPerm extractEntry templates/coffeescript-min/decorator.coffee
544 silly gunzTarPerm extractEntry templates/coffeescript-min/directive.coffee
545 silly gunzTarPerm extractEntry templates/coffeescript-min/filter.coffee
546 silly gunzTarPerm extractEntry templates/coffeescript-min/service/constant.coffee
547 silly gunzTarPerm extractEntry templates/coffeescript-min/service/factory.coffee
548 silly gunzTarPerm extractEntry templates/coffeescript-min/service/provider.coffee
549 silly gunzTarPerm extractEntry templates/coffeescript-min/service/service.coffee
550 silly gunzTarPerm extractEntry templates/coffeescript-min/service/value.coffee
551 silly gunzTarPerm extractEntry templates/coffeescript-min/spec/controller.coffee
552 silly gunzTarPerm extractEntry templates/coffeescript-min/spec/directive.coffee
553 silly gunzTarPerm extractEntry templates/coffeescript-min/spec/filter.coffee
554 silly gunzTarPerm extractEntry templates/coffeescript-min/spec/service.coffee
555 silly gunzTarPerm extractEntry templates/common/Gruntfile.js
556 silly gunzTarPerm extractEntry templates/common/_bower.json
557 silly gunzTarPerm extractEntry templates/common/_package.json
558 silly gunzTarPerm extractEntry templates/common/gitignore
559 silly gunzTarPerm extractEntry templates/common/index.html
560 silly gunzTarPerm extractEntry templates/common/root/.bowerrc
561 silly gunzTarPerm extractEntry templates/common/root/.editorconfig
562 silly gunzTarPerm extractEntry templates/common/root/.gitattributes
563 silly gunzTarPerm extractEntry templates/common/root/.jshintrc
564 silly gunzTarPerm extractEntry templates/common/root/app/.buildignore
565 silly gunzTarPerm extractEntry templates/common/root/app/.htaccess
566 silly gunzTarPerm extractEntry templates/common/root/app/404.html
567 silly gunzTarPerm extractEntry templates/common/root/app/favicon.ico
568 silly gunzTarPerm extractEntry templates/common/root/app/robots.txt
569 silly gunzTarPerm extractEntry templates/common/root/app/views/main.html
570 silly gunzTarPerm extractEntry templates/common/root/test/.jshintrc
571 silly gunzTarPerm extractEntry templates/common/root/test/runner.html
572 silly gunzTarPerm extractEntry templates/common/view.html
573 silly gunzTarPerm extractEntry templates/javascript/app.js
574 silly gunzTarPerm extractEntry templates/javascript/controller.js
575 silly gunzTarPerm extractEntry templates/javascript/decorator.js
576 silly gunzTarPerm extractEntry templates/javascript/directive.js
577 silly gunzTarPerm extractEntry templates/javascript/filter.js
578 silly gunzTarPerm extractEntry templates/javascript/service/constant.js
579 silly gunzTarPerm extractEntry templates/javascript/service/factory.js
580 silly gunzTarPerm extractEntry templates/javascript/service/provider.js
581 silly gunzTarPerm extractEntry templates/javascript/service/service.js
582 silly gunzTarPerm extractEntry templates/javascript/service/value.js
583 silly gunzTarPerm extractEntry templates/javascript/spec/controller.js
584 silly gunzTarPerm extractEntry templates/javascript/spec/directive.js
585 silly gunzTarPerm extractEntry templates/javascript/spec/filter.js
586 silly gunzTarPerm extractEntry templates/javascript/spec/service.js
587 silly gunzTarPerm extractEntry templates/javascript-min/app.js
588 silly gunzTarPerm extractEntry templates/javascript-min/controller.js
589 silly gunzTarPerm extractEntry templates/javascript-min/decorator.js
590 silly gunzTarPerm extractEntry templates/javascript-min/directive.js
591 silly gunzTarPerm extractEntry templates/javascript-min/filter.js
592 silly gunzTarPerm extractEntry templates/javascript-min/service/constant.js
593 silly gunzTarPerm extractEntry templates/javascript-min/service/factory.js
594 silly gunzTarPerm extractEntry templates/javascript-min/service/provider.js
595 silly gunzTarPerm extractEntry templates/javascript-min/service/service.js
596 silly gunzTarPerm extractEntry templates/javascript-min/service/value.js
597 silly gunzTarPerm extractEntry templates/javascript-min/spec/controller.js
598 silly gunzTarPerm extractEntry templates/javascript-min/spec/directive.js
599 silly gunzTarPerm extractEntry templates/javascript-min/spec/filter.js
600 silly gunzTarPerm extractEntry templates/javascript-min/spec/service.js
601 silly gunzTarPerm extractEntry test/test-appname-substitution.js
602 silly gunzTarPerm extractEntry test/test-file-creation.js
603 silly gunzTarPerm extractEntry CHANGELOG.md
604 silly gunzTarPerm extractEntry value/index.js
605 silly gunzTarPerm extractEntry value/USAGE
606 silly gunzTarPerm extractEntry view/index.js
607 silly gunzTarPerm extractEntry view/USAGE
608 silly lockFile 42bb01c7--generator-angular-0-5-1-package tar:///Users/jiar/.npm/generator-angular/0.5.1/package
609 silly lockFile 42bb01c7--generator-angular-0-5-1-package tar:///Users/jiar/.npm/generator-angular/0.5.1/package
610 silly lockFile 8c52dc29-erator-angular-0-5-1-package-tgz tar:///Users/jiar/.npm/generator-angular/0.5.1/package.tgz
611 silly lockFile 8c52dc29-erator-angular-0-5-1-package-tgz tar:///Users/jiar/.npm/generator-angular/0.5.1/package.tgz
612 verbose chmod /Users/jiar/.npm/generator-angular/0.5.1/package.tgz 644
613 verbose chown /Users/jiar/.npm/generator-angular/0.5.1/package.tgz [ 501, 20 ]
614 silly lockFile 1f390bb5-ular-generator-angular-0-5-1-tgz https://registry.npmjs.org/generator-angular/-/generator-angular-0.5.1.tgz
615 silly lockFile 1f390bb5-ular-generator-angular-0-5-1-tgz https://registry.npmjs.org/generator-angular/-/generator-angular-0.5.1.tgz
616 silly lockFile efd560e9-generator-angular-0-5-1 generator-angular@0.5.1
617 silly lockFile efd560e9-generator-angular-0-5-1 generator-angular@0.5.1
618 silly resolved [ { name: 'generator-angular',
618 silly resolved     version: '0.5.1',
618 silly resolved     description: 'Yeoman generator for AngularJS',
618 silly resolved     keywords:
618 silly resolved      [ 'yeoman-generator',
618 silly resolved        'scaffold',
618 silly resolved        'framework',
618 silly resolved        'component',
618 silly resolved        'front-end',
618 silly resolved        'app' ],
618 silly resolved     homepage: 'https://github.com/yeoman/generator-angular',
618 silly resolved     bugs: { url: 'https://github.com/yeoman/generator-angular/issues' },
618 silly resolved     author: { name: 'Chrome Developer Relations' },
618 silly resolved     main: 'app/index.js',
618 silly resolved     repository:
618 silly resolved      { type: 'git',
618 silly resolved        url: 'git://github.com/yeoman/generator-angular.git' },
618 silly resolved     scripts: { test: 'mocha' },
618 silly resolved     dependencies: { 'yeoman-generator': '~0.13.0' },
618 silly resolved     peerDependencies: { 'generator-karma': '~0.6.0', yo: '>=1.0.0-rc.1.1' },
618 silly resolved     devDependencies:
618 silly resolved      { mocha: '~1.13.0',
618 silly resolved        grunt: '~0.4.1',
618 silly resolved        'grunt-contrib-jshint': '~0.6.0',
618 silly resolved        'grunt-conventional-changelog': '~1.0.0',
618 silly resolved        'load-grunt-tasks': '~0.1.0',
618 silly resolved        marked: '~0.2.8',
618 silly resolved        semver: '~2.1.0',
618 silly resolved        'underscore.string': '~2.3.1',
618 silly resolved        'grunt-release': '~0.6.0' },
618 silly resolved     engines: { node: '>=0.8.0', npm: '>=1.2.10' },
618 silly resolved     licenses: [ [Object] ],
618 silly resolved     readme: '# AngularJS generator [![Build Status](https://secure.travis-ci.org/yeoman/generator-angular.png?branch=master)](http://travis-ci.org/yeoman/generator-angular)\n\nMaintainer: [Brian Ford](https://github.com/btford)\n\nBased on [angular-seed](https://github.com/angular/angular-seed/)\n\n\n## Usage\n\nInstall `generator-angular`:\n```\nnpm install -g generator-angular\n```\n\nMake a new directory, and `cd` into it:\n```\nmkdir my-new-project && cd $_\n```\n\nRun `yo angular`, optionally passing an app name:\n```\nyo angular [app-name]\n```\n\n## Generators\n\nAvailable generators:\n\n* [angular](#app) (aka [angular:app](#app))\n* [angular:controller](#controller)\n* [angular:directive](#directive)\n* [angular:filter](#filter)\n* [angular:route](#route)\n* [angular:service](#service)\n* [angular:provider](#service)\n* [angular:factory](#service)\n* [angular:value](#service)\n* [angular:constant](#service)\n* [angular:decorator] (#decorator)\n* [angular:view](#view)\n\n**Note: Generators are to be run from the root directory of your app.**\n\n### App\nSets up a new AngularJS app, generating all the boilerplate you need to get started. The app generator also optionally installs Twitter Bootstrap and additional AngularJS modules, such as angular-resource.\n\nExample:\n```bash\nyo angular\n```\n\n### Route\nGenerates a controller and view, and configures a route in `app/scripts/app.js` connecting them.\n\nExample:\n```bash\nyo angular:route myroute\n```\n\nProduces `app/scripts/controllers/myroute.js`:\n```javascript\nangular.module(\'myMod\').controller(\'MyrouteCtrl\', function ($scope) {\n  // ...\n});\n```\n\nProduces `app/views/myroute.html`:\n```html\n<p>This is the myroute view</p>\n```\n\n### Controller\nGenerates a controller in `app/scripts/controllers`.\n\nExample:\n```bash\nyo angular:controller user\n```\n\nProduces `app/scripts/controllers/user.js`:\n```javascript\nangular.module(\'myMod\').controller(\'UserCtrl\', function ($scope) {\n  // ...\n});\n```\n### Directive\nGenerates a directive in `app/scripts/directives`.\n\nExample:\n```bash\nyo angular:directive myDirective\n```\n\nProduces `app/scripts/directives/myDirective.js`:\n```javascript\nangular.module(\'myMod\').directive(\'myDirective\', function () {\n  return {\n    template: \'<div></div>\',\n    restrict: \'E\',\n    link: function postLink(scope, element, attrs) {\n      element.text(\'this is the myDirective directive\');\n    }\n  };\n});\n```\n\n### Filter\nGenerates a filter in `app/scripts/filters`.\n\nExample:\n```bash\nyo angular:filter myFilter\n```\n\nProduces `app/scripts/filters/myFilter.js`:\n```javascript\nangular.module(\'myMod\').filter(\'myFilter\', function () {\n  return function (input) {\n    return \'myFilter filter:\' + input;\n  };\n});\n```\n\n### View\nGenerates an HTML view file in `app/views`.\n\nExample:\n```bash\nyo angular:view user\n```\n\nProduces `app/views/user.html`:\n```html\n<p>This is the user view</p>\n```\n\n### Service\nGenerates an AngularJS service.\n\nExample:\n```bash\nyo angular:service myService\n```\n\nProduces `app/scripts/services/myService.js`:\n```javascript\nangular.module(\'myMod\').service(\'myService\', function () {\n  // ...\n});\n```\n\nYou can also do `yo angular:factory`, `yo angular:provider`, `yo angular:value`, and `yo angular:constant` for other types of services.\n\n### Decorator\nGenerates an AngularJS service decorator.\n\nExample:\n```bash\nyo angular:decorator serviceName\n```\n\nProduces `app/scripts/decorators/serviceNameDecorator.js`:\n```javascript\nangular.module(\'myMod\').config(function ($provide) {\n    $provide.decorator(\'serviceName\', function ($delegate) {\n      // ...\n      return $delegate;\n    });\n  });\n```\n\n## Options\nIn general, these options can be applied to any generator, though they only affect generators that produce scripts.\n\n### CoffeeScript\nFor generators that output scripts, the `--coffee` option will output CoffeeScript instead of JavaScript.\n\nFor example:\n```bash\nyo angular:controller user --coffee\n```\n\nProduces `app/scripts/controller/user.coffee`:\n```coffeescript\nangular.module(\'myMod\')\n  .controller \'UserCtrl\', ($scope) ->\n```\n\nA project can mix CoffeScript and JavaScript files.\n\n### Minification Safe\nBy default, generators produce unannotated code. Without annotations, AngularJS\'s DI system will break when minified. Typically, these annotations that make minification safe are added automatically at build-time, after application files are concatenated, but before they are minified. By providing the `--minsafe` option, the code generated will out-of-the-box be ready for minification. The trade-off is between amount of boilerplate, and build process complexity.\n\n#### Example\n```bash\nyo angular:controller user --minsafe\n```\n\nProduces `app/controller/user.js`:\n```javascript\nangular.module(\'myMod\').controller(\'UserCtrl\', [\'$scope\', function ($scope) {\n  // ...\n}]);\n```\n\n#### Background\nUnannotated:\n```javascript\nangular.module(\'myMod\').controller(\'MyCtrl\', function ($scope, $http, myService) {\n  // ...\n});\n```\n\nAnnotated:\n```javascript\nangular.module(\'myMod\').controller(\'MyCtrl\',\n  [\'$scope\', \'$http\', \'myService\', function ($scope, $http, myService) {\n\n    // ...\n  }]);\n```\n\nThe annotations are important because minified code will rename variables, making it impossible for AngularJS to infer module names based solely on function parameters.\n\nThe recommended build process uses `ngmin`, a tool that automatically adds these annotations. However, if you\'d rather not use `ngmin`, you have to add these annotations manually yourself.\n\n## Bower Components\n\nThe following packages are always installed by the [app](#app) generator:\n\n* angular\n* angular-mocks\n* angular-scenario\n\n\nThe following additional modules are available as components on bower, and installable via `bower install`:\n\n* angular-cookies\n* angular-loader\n* angular-resource\n* angular-sanitize\n\nAll of these can be updated with `bower update` as new versions of AngularJS are released.\n\n## Configuration\nYeoman generated projects can be further tweaked according to your needs by modifying project files appropriately.\n\n### Output\nYou can change the `app` directory by adding a `appPath` property to `bower.json`. For instance, if you wanted to easily integrate with Express.js, you could add the following:\n\n```json\n{\n  "name": "yo-test",\n  "version": "0.0.0",\n  ...\n  "appPath": "public"\n}\n\n```\nThis will cause Yeoman-generated client-side files to be placed in `public`.\n\n## Testing\n\nFor tests to work properly, karma needs the `angular-mocks` bower package.\nThis script is included in the bower.json in the `devDependencies` section, which will\nbe available very soon, probably with the next minor release of bower.\n\nWhile bower `devDependencies` are not yet implemented, you can fix it by running:\n```bash\nbower install angular-mocks\n```\n\nBy running `grunt test` you should now be able to run your unit tests with karma.\n\n## Contribute\n\nSee the [contributing docs](https://github.com/yeoman/yeoman/blob/master/contributing.md)\n\nWhen submitting an issue, please follow the [guidelines](https://github.com/yeoman/yeoman/blob/master/contributing.md#issue-submission). Especially important is to make sure Yeoman is up-to-date, and providing the command or commands that cause the issue.\n\nWhen submitting a PR, make sure that the commit messages match the [AngularJS conventions](https://docs.google.com/document/d/1QrDFcIiPjSLDn3EL15IJygNPiHORgU1_OOAqWjiDU5Y/).\n\nWhen submitting a bugfix, write a test that exposes the bug and fails before applying your fix. Submit the test alongside the fix.\n\nWhen submitting a new feature, add tests that cover the feature.\n\n## License\n\n[BSD license](http://opensource.org/licenses/bsd-license.php)\n',
618 silly resolved     readmeFilename: 'readme.md',
618 silly resolved     _id: 'generator-angular@0.5.1',
618 silly resolved     dist: { shasum: 'b7cd8ef2aaec9cdd4d9d792bf38ff74bb8971cc8' },
618 silly resolved     _from: 'generator-angular@0.5.1',
618 silly resolved     _resolved: 'https://registry.npmjs.org/generator-angular/-/generator-angular-0.5.1.tgz' } ]
619 info install generator-angular@0.5.1 into /usr/local/lib
620 info installOne generator-angular@0.5.1
621 info /usr/local/lib/node_modules/generator-angular unbuild
622 info preuninstall generator-angular@0.4.0
623 info uninstall generator-angular@0.4.0
624 verbose true,/usr/local/lib/node_modules,/usr/local/lib/node_modules unbuild generator-angular@0.4.0
625 info postuninstall generator-angular@0.4.0
626 info /usr/local/lib/node_modules/generator-angular unbuild
627 info preuninstall generator-angular@0.4.0
628 info uninstall generator-angular@0.4.0
629 verbose true,/usr/local/lib/node_modules,/usr/local/lib/node_modules unbuild generator-angular@0.4.0
630 info postuninstall generator-angular@0.4.0
631 error error rolling back Error: EACCES, unlink '/usr/local/lib/node_modules/generator-angular/.editorconfig'
631 error error rolling back  generator-angular@0.5.1 { [Error: EACCES, unlink '/usr/local/lib/node_modules/generator-angular/.editorconfig']
631 error error rolling back   errno: 3,
631 error error rolling back   code: 'EACCES',
631 error error rolling back   path: '/usr/local/lib/node_modules/generator-angular/.editorconfig' }
632 error Error: EACCES, unlink '/usr/local/lib/node_modules/generator-angular/.editorconfig'
632 error  { [Error: EACCES, unlink '/usr/local/lib/node_modules/generator-angular/.editorconfig']
632 error   errno: 3,
632 error   code: 'EACCES',
632 error   path: '/usr/local/lib/node_modules/generator-angular/.editorconfig' }
633 error Please try running this command again as root/Administrator.
634 error System Darwin 13.0.0
635 error command "node" "/usr/local/bin/npm" "update" "-g" "generator-angular"
636 error cwd /Users/jiar/git/tps/yo
637 error node -v v0.10.13
638 error npm -v 1.3.9
639 error path /usr/local/lib/node_modules/generator-angular/.editorconfig
640 error code EACCES
641 error errno 3
642 error stack Error: EACCES, unlink '/usr/local/lib/node_modules/generator-angular/.editorconfig'
643 verbose exit [ 3, true ]
